<?xml version="1.0" encoding="UTF-8"?>
<!-- Generated by org.testng.reporters.JUnitReportReporter -->
<testsuite hostname="WINDOWS-LM3MOTA" failures="0" tests="1" name="extendreport.extend_report" time="0.159" errors="0" timestamp="2024-02-01T11:25:05 IST" skipped="0">
  <testcase classname="extendreport.extend_report" name="test" time="0.159"/>
  <system-out/>
</testsuite> <!-- extendreport.extend_report -->
