<?xml version="1.0" encoding="UTF-8"?>
<!-- Generated by org.testng.reporters.JUnitReportReporter -->
<testsuite hostname="WINDOWS-LM3MOTA" failures="0" tests="1" name="propertyfiles.property" time="6.322" errors="0" timestamp="2024-02-01T08:05:17 IST" skipped="0">
  <testcase classname="propertyfiles.property" name="logintest" time="6.322"/>
  <system-out>
    <![CDATA[login success  dashboard  http://orangehrm.qedgetech.com/symfony/web/index.php/dashboard]]>
  </system-out>
</testsuite> <!-- propertyfiles.property -->
