<?xml version="1.0" encoding="UTF-8"?>
<!-- Generated by org.testng.reporters.JUnitReportReporter -->
<testsuite hostname="WINDOWS-LM3MOTA" failures="0" tests="1" name="driverfactory.AppTest" time="47.327" errors="0" timestamp="2024-02-02T11:08:33 IST" skipped="0">
  <testcase classname="driverfactory.AppTest" name="startTest" time="47.327">
    <system-out>
      <![CDATA[No of rows are::5
Username and password are Valid::dashboard------http://webapp.qedgetech.com/dashboard.php
Username and password are Valid::dashboard------http://webapp.qedgetech.com/dashboard.php
Incorrect user ID or password-----dashboard--------http://webapp.qedgetech.com/login.php
Incorrect user ID or password-----dashboard--------http://webapp.qedgetech.com/login.php
Incorrect user ID or password-----dashboard--------http://webapp.qedgetech.com/login.php]]>
    </system-out>
  </testcase> <!-- startTest -->
  <system-out>
    <![CDATA[No of rows are::5
Username and password are Valid::dashboard------http://webapp.qedgetech.com/dashboard.php
Username and password are Valid::dashboard------http://webapp.qedgetech.com/dashboard.php
Incorrect user ID or password-----dashboard--------http://webapp.qedgetech.com/login.php
Incorrect user ID or password-----dashboard--------http://webapp.qedgetech.com/login.php
Incorrect user ID or password-----dashboard--------http://webapp.qedgetech.com/login.php]]>
  </system-out>
</testsuite> <!-- driverfactory.AppTest -->
